

 LOG-fil åbnede ved 05/23/18 12:08:41

Feltdefinitioner for tabel EXTERNAL_DATES
  Record-format DELIMITED BY NEWLINE
  Data i fil har samme endian-format som platformen
  Rækker, hvor alle felter er NULL, accepteres

  Felter i datakilde: 

    FILE_PATH                       CHAR (255)
      Afsluttet af ";"
      Omsluttet af """ og """
      Trim blanktegn på samme måde som SQL Loader
    DAY                             CHAR (255)
      Afsluttet af ";"
      Omsluttet af """ og """
      Trim blanktegn på samme måde som SQL Loader
    MONTH                           CHAR (255)
      Afsluttet af ";"
      Omsluttet af """ og """
      Trim blanktegn på samme måde som SQL Loader
    YEAR                            CHAR (255)
      Afsluttet af ";"
      Omsluttet af """ og """
      Trim blanktegn på samme måde som SQL Loader


 LOG-fil åbnede ved 05/23/18 12:08:54

Feltdefinitioner for tabel EXTERNAL_DATES
  Record-format DELIMITED BY NEWLINE
  Data i fil har samme endian-format som platformen
  Rækker, hvor alle felter er NULL, accepteres

  Felter i datakilde: 

    FILE_PATH                       CHAR (255)
      Afsluttet af ";"
      Omsluttet af """ og """
      Trim blanktegn på samme måde som SQL Loader
    DAY                             CHAR (255)
      Afsluttet af ";"
      Omsluttet af """ og """
      Trim blanktegn på samme måde som SQL Loader
    MONTH                           CHAR (255)
      Afsluttet af ";"
      Omsluttet af """ og """
      Trim blanktegn på samme måde som SQL Loader
    YEAR                            CHAR (255)
      Afsluttet af ";"
      Omsluttet af """ og """
      Trim blanktegn på samme måde som SQL Loader


 LOG-fil åbnede ved 05/23/18 12:09:38

Feltdefinitioner for tabel EXTERNAL_DATES
  Record-format DELIMITED BY NEWLINE
  Data i fil har samme endian-format som platformen
  Rækker, hvor alle felter er NULL, accepteres

  Felter i datakilde: 

    FILE_PATH                       CHAR (255)
      Afsluttet af ";"
      Omsluttet af """ og """
      Trim blanktegn på samme måde som SQL Loader
    DAY                             CHAR (255)
      Afsluttet af ";"
      Omsluttet af """ og """
      Trim blanktegn på samme måde som SQL Loader
    MONTH                           CHAR (255)
      Afsluttet af ";"
      Omsluttet af """ og """
      Trim blanktegn på samme måde som SQL Loader
    YEAR                            CHAR (255)
      Afsluttet af ";"
      Omsluttet af """ og """
      Trim blanktegn på samme måde som SQL Loader


 LOG file opened at 05/23/18 22:00:19

Field Definitions for table EXTERNAL_DATES
  Record format DELIMITED BY NEWLINE
  Data in file has same endianness as the platform
  Rows with all null fields are accepted

  Fields in Data Source: 

    FILE_PATH                       CHAR (255)
      Terminated by ";"
      Enclosed by """ and """
      Trim whitespace same as SQL Loader
    DAY                             CHAR (255)
      Terminated by ";"
      Enclosed by """ and """
      Trim whitespace same as SQL Loader
    MONTH                           CHAR (255)
      Terminated by ";"
      Enclosed by """ and """
      Trim whitespace same as SQL Loader
    YEAR                            CHAR (255)
      Terminated by ";"
      Enclosed by """ and """
      Trim whitespace same as SQL Loader


 LOG file opened at 05/23/18 22:00:19

Field Definitions for table EXTERNAL_DATES
  Record format DELIMITED BY NEWLINE
  Data in file has same endianness as the platform
  Rows with all null fields are accepted

  Fields in Data Source: 

    FILE_PATH                       CHAR (255)
      Terminated by ";"
      Enclosed by """ and """
      Trim whitespace same as SQL Loader
    DAY                             CHAR (255)
      Terminated by ";"
      Enclosed by """ and """
      Trim whitespace same as SQL Loader
    MONTH                           CHAR (255)
      Terminated by ";"
      Enclosed by """ and """
      Trim whitespace same as SQL Loader
    YEAR                            CHAR (255)
      Terminated by ";"
      Enclosed by """ and """
      Trim whitespace same as SQL Loader


 LOG file opened at 05/28/18 11:09:55

Field Definitions for table EXTERNAL_DATES
  Record format DELIMITED BY NEWLINE
  Data in file has same endianness as the platform
  Rows with all null fields are accepted

  Fields in Data Source: 

    FILE_PATH                       CHAR (255)
      Terminated by ";"
      Enclosed by """ and """
      Trim whitespace same as SQL Loader
    DAY                             CHAR (255)
      Terminated by ";"
      Enclosed by """ and """
      Trim whitespace same as SQL Loader
    MONTH                           CHAR (255)
      Terminated by ";"
      Enclosed by """ and """
      Trim whitespace same as SQL Loader
    YEAR                            CHAR (255)
      Terminated by ";"
      Enclosed by """ and """
      Trim whitespace same as SQL Loader


 LOG file opened at 05/28/18 11:11:14

Field Definitions for table EXTERNAL_DATES
  Record format DELIMITED BY NEWLINE
  Data in file has same endianness as the platform
  Rows with all null fields are accepted

  Fields in Data Source: 

    FILE_PATH                       CHAR (255)
      Terminated by ";"
      Enclosed by """ and """
      Trim whitespace same as SQL Loader
    DAY                             CHAR (255)
      Terminated by ";"
      Enclosed by """ and """
      Trim whitespace same as SQL Loader
    MONTH                           CHAR (255)
      Terminated by ";"
      Enclosed by """ and """
      Trim whitespace same as SQL Loader
    YEAR                            CHAR (255)
      Terminated by ";"
      Enclosed by """ and """
      Trim whitespace same as SQL Loader


 LOG file opened at 05/28/18 15:39:25

Field Definitions for table EXTERNAL_DATES
  Record format DELIMITED BY NEWLINE
  Data in file has same endianness as the platform
  Rows with all null fields are accepted

  Fields in Data Source: 

    FILE_PATH                       CHAR (255)
      Terminated by ";"
      Enclosed by """ and """
      Trim whitespace same as SQL Loader
    DAY                             CHAR (255)
      Terminated by ";"
      Enclosed by """ and """
      Trim whitespace same as SQL Loader
    MONTH                           CHAR (255)
      Terminated by ";"
      Enclosed by """ and """
      Trim whitespace same as SQL Loader
    YEAR                            CHAR (255)
      Terminated by ";"
      Enclosed by """ and """
      Trim whitespace same as SQL Loader


 LOG file opened at 05/28/18 22:00:20

Field Definitions for table EXTERNAL_DATES
  Record format DELIMITED BY NEWLINE
  Data in file has same endianness as the platform
  Rows with all null fields are accepted

  Fields in Data Source: 

    FILE_PATH                       CHAR (255)
      Terminated by ";"
      Enclosed by """ and """
      Trim whitespace same as SQL Loader
    DAY                             CHAR (255)
      Terminated by ";"
      Enclosed by """ and """
      Trim whitespace same as SQL Loader
    MONTH                           CHAR (255)
      Terminated by ";"
      Enclosed by """ and """
      Trim whitespace same as SQL Loader
    YEAR                            CHAR (255)
      Terminated by ";"
      Enclosed by """ and """
      Trim whitespace same as SQL Loader


 LOG file opened at 05/28/18 22:00:20

Field Definitions for table EXTERNAL_DATES
  Record format DELIMITED BY NEWLINE
  Data in file has same endianness as the platform
  Rows with all null fields are accepted

  Fields in Data Source: 

    FILE_PATH                       CHAR (255)
      Terminated by ";"
      Enclosed by """ and """
      Trim whitespace same as SQL Loader
    DAY                             CHAR (255)
      Terminated by ";"
      Enclosed by """ and """
      Trim whitespace same as SQL Loader
    MONTH                           CHAR (255)
      Terminated by ";"
      Enclosed by """ and """
      Trim whitespace same as SQL Loader
    YEAR                            CHAR (255)
      Terminated by ";"
      Enclosed by """ and """
      Trim whitespace same as SQL Loader


 LOG file opened at 05/29/18 10:53:38

Field Definitions for table EXTERNAL_DATES
  Record format DELIMITED BY NEWLINE
  Data in file has same endianness as the platform
  Rows with all null fields are accepted

  Fields in Data Source: 

    FILE_PATH                       CHAR (255)
      Terminated by ";"
      Enclosed by """ and """
      Trim whitespace same as SQL Loader
    DAY                             CHAR (255)
      Terminated by ";"
      Enclosed by """ and """
      Trim whitespace same as SQL Loader
    MONTH                           CHAR (255)
      Terminated by ";"
      Enclosed by """ and """
      Trim whitespace same as SQL Loader
    YEAR                            CHAR (255)
      Terminated by ";"
      Enclosed by """ and """
      Trim whitespace same as SQL Loader
